{
  "stats": {
    "suites": 1,
    "tests": 3,
    "passes": 3,
    "pending": 0,
    "failures": 0,
    "start": "2024-03-19T01:47:46.826Z",
    "end": "2024-03-19T01:47:49.099Z",
    "duration": 2273,
    "testsRegistered": 3,
    "passPercent": 100,
    "pendingPercent": 0,
    "other": 0,
    "hasOther": false,
    "skipped": 0,
    "hasSkipped": false
  },
  "results": [
    {
      "uuid": "3199f895-e669-4698-a8bf-ca1fde5f81b2",
      "title": "",
      "fullFile": "cypress\\e2e\\APITesting\\HttpRequests.cy.js",
      "file": "cypress\\e2e\\APITesting\\HttpRequests.cy.js",
      "beforeHooks": [],
      "afterHooks": [],
      "tests": [],
      "suites": [
        {
          "uuid": "57fb1f3b-92ff-4060-9530-5397d248940b",
          "title": "HTTP rEQUESTS",
          "fullFile": "",
          "file": "",
          "beforeHooks": [],
          "afterHooks": [],
          "tests": [
            {
              "title": "Get Call",
              "fullTitle": "HTTP rEQUESTS Get Call",
              "timedOut": null,
              "duration": 1509,
              "state": "passed",
              "speed": "fast",
              "pass": true,
              "fail": false,
              "pending": false,
              "context": null,
              "code": "cy.request('GET', 'https://jsonplaceholder.typicode.com/posts/1').its('status').should('equal', 200);",
              "err": {},
              "uuid": "4857e0ea-5d8b-4cff-89aa-a5c7f8091127",
              "parentUUID": "57fb1f3b-92ff-4060-9530-5397d248940b",
              "isHook": false,
              "skipped": false
            },
            {
              "title": "Post Call",
              "fullTitle": "HTTP rEQUESTS Post Call",
              "timedOut": null,
              "duration": 329,
              "state": "passed",
              "speed": "fast",
              "pass": true,
              "fail": false,
              "pending": false,
              "context": null,
              "code": "cy.request({\n  method: 'POST',\n  url: 'https://jsonplaceholder.typicode.com/posts',\n  body: {\n    title: 'foo',\n    body: 'bar',\n    userId: 1\n  }\n}).its('status').should('equal', 201);",
              "err": {},
              "uuid": "e5a8462b-dfd2-4a0c-9bbd-b94e1c92fd92",
              "parentUUID": "57fb1f3b-92ff-4060-9530-5397d248940b",
              "isHook": false,
              "skipped": false
            },
            {
              "title": "PUT",
              "fullTitle": "HTTP rEQUESTS PUT",
              "timedOut": null,
              "duration": 343,
              "state": "passed",
              "speed": "fast",
              "pass": true,
              "fail": false,
              "pending": false,
              "context": null,
              "code": "cy.request({\n  method: 'PUT',\n  url: 'https://jsonplaceholder.typicode.com/posts/1',\n  body: {\n    id: 1,\n    title: 'foo',\n    body: 'bar',\n    userId: 1\n  }\n}).its('status').should('equal', 200);",
              "err": {},
              "uuid": "5bd74ffb-0776-41bd-a276-dd412e2e6d15",
              "parentUUID": "57fb1f3b-92ff-4060-9530-5397d248940b",
              "isHook": false,
              "skipped": false
            }
          ],
          "suites": [],
          "passes": [
            "4857e0ea-5d8b-4cff-89aa-a5c7f8091127",
            "e5a8462b-dfd2-4a0c-9bbd-b94e1c92fd92",
            "5bd74ffb-0776-41bd-a276-dd412e2e6d15"
          ],
          "failures": [],
          "pending": [],
          "skipped": [],
          "duration": 2181,
          "root": false,
          "rootEmpty": false,
          "_timeout": 2000
        }
      ],
      "passes": [],
      "failures": [],
      "pending": [],
      "skipped": [],
      "duration": 0,
      "root": true,
      "rootEmpty": true,
      "_timeout": 2000
    }
  ],
  "meta": {
    "mocha": {
      "version": "7.0.1"
    },
    "mochawesome": {
      "options": {
        "quiet": false,
        "reportFilename": "mochawesome",
        "saveHtml": false,
        "saveJson": true,
        "consoleReporter": "spec",
        "useInlineDiffs": false,
        "code": true
      },
      "version": "7.1.3"
    },
    "marge": {
      "options": {
        "charts": true,
        "reportPageTitle": "custom-title",
        "embeddedScreenshots": true,
        "inlineAssets": true,
        "saveAllAttempts": false,
        "overwrite": false,
        "html": false,
        "json": true,
        "reportDir": "cypress\\reports\\html\\.jsons"
      },
      "version": "6.2.0"
    }
  }
}