{
  "stats": {
    "suites": 1,
    "tests": 2,
    "passes": 1,
    "pending": 0,
    "failures": 1,
    "start": "2024-03-19T01:48:23.582Z",
    "end": "2024-03-19T01:48:31.732Z",
    "duration": 8150,
    "testsRegistered": 2,
    "passPercent": 50,
    "pendingPercent": 0,
    "other": 0,
    "hasOther": false,
    "skipped": 0,
    "hasSkipped": false
  },
  "results": [
    {
      "uuid": "763c4feb-ef36-49da-8351-5e0a0b39b16a",
      "title": "",
      "fullFile": "cypress\\e2e\\tests\\demo.cy.js",
      "file": "cypress\\e2e\\tests\\demo.cy.js",
      "beforeHooks": [],
      "afterHooks": [],
      "tests": [],
      "suites": [
        {
          "uuid": "e7484dd7-8c09-44fb-8350-440086f7f53c",
          "title": "this is suite",
          "fullFile": "",
          "file": "",
          "beforeHooks": [],
          "afterHooks": [],
          "tests": [
            {
              "title": "verify user is able to open google.com",
              "fullTitle": "this is suite verify user is able to open google.com",
              "timedOut": null,
              "duration": 2397,
              "state": "passed",
              "speed": "fast",
              "pass": true,
              "fail": false,
              "pending": false,
              "context": null,
              "code": "cy.visit('https://www.google.com');",
              "err": {},
              "uuid": "ee6c3f89-0ba7-4745-b36d-dcdd5af30439",
              "parentUUID": "e7484dd7-8c09-44fb-8350-440086f7f53c",
              "isHook": false,
              "skipped": false
            },
            {
              "title": "verify the element is present or not",
              "fullTitle": "this is suite verify the element is present or not",
              "timedOut": null,
              "duration": 2601,
              "state": "failed",
              "speed": null,
              "pass": false,
              "fail": true,
              "pending": false,
              "context": null,
              "code": "cy.visit('https://www.google.com');\ncy.get('#', {\n  timeout: 10000\n}).should('exist');\ncy.get('#APjFqb').type('Cypress');\ncy.get('[value=\"Google Search\"]').eq(0).click({\n  force: true\n});",
              "err": {
                "message": "Error: Syntax error, unrecognized expression: #",
                "estack": "Error: Syntax error, unrecognized expression: #\n    at Sizzle.error (https://www.google.com/__cypress/runner/cypress_runner.js:8470:8)\n    at Sizzle.tokenize (https://www.google.com/__cypress/runner/cypress_runner.js:9122:11)\n    at Sizzle.select (https://www.google.com/__cypress/runner/cypress_runner.js:9549:20)\n    at Function.Sizzle [as find] (https://www.google.com/__cypress/runner/cypress_runner.js:7774:9)\n    at jQuery.fn.init.find (https://www.google.com/__cypress/runner/cypress_runner.js:9805:11)\n    at new jQuery.fn.init (https://www.google.com/__cypress/runner/cypress_runner.js:9920:40)\n    at Object.query (https://www.google.com/__cypress/runner/cypress_runner.js:34703:10)\n    at $Cy.$$ (https://www.google.com/__cypress/runner/cypress_runner.js:140248:57)\n    at <unknown> (https://www.google.com/__cypress/runner/cypress_runner.js:132137:18)\n    at Object.subjectFn (https://www.google.com/__cypress/runner/cypress_runner.js:144040:16)\n    at $Cy.verifyUpcomingAssertions (https://www.google.com/__cypress/runner/cypress_runner.js:143384:31)\n    at onRetry (https://www.google.com/__cypress/runner/cypress_runner.js:144031:15)\n    at retryQuery (https://www.google.com/__cypress/runner/cypress_runner.js:144044:10)\n    at <unknown> (https://www.google.com/__cypress/runner/cypress_runner.js:144194:17)\n    at tryCatcher (https://www.google.com/__cypress/runner/cypress_runner.js:1807:23)\n    at Promise._settlePromiseFromHandler (https://www.google.com/__cypress/runner/cypress_runner.js:1519:31)\n    at Promise._settlePromise (https://www.google.com/__cypress/runner/cypress_runner.js:1576:18)\n    at Promise._settlePromiseCtx (https://www.google.com/__cypress/runner/cypress_runner.js:1613:10)\n    at _drainQueueStep (https://www.google.com/__cypress/runner/cypress_runner.js:2411:12)\n    at _drainQueue (https://www.google.com/__cypress/runner/cypress_runner.js:2400:9)\n    at Async._drainQueues (https://www.google.com/__cypress/runner/cypress_runner.js:2416:5)\n    at Async.drainQueues (https://www.google.com/__cypress/runner/cypress_runner.js:2286:14)",
                "diff": null
              },
              "uuid": "d0d74b36-952c-4d59-8163-5efb0bc60ad7",
              "parentUUID": "e7484dd7-8c09-44fb-8350-440086f7f53c",
              "isHook": false,
              "skipped": false
            }
          ],
          "suites": [],
          "passes": [
            "ee6c3f89-0ba7-4745-b36d-dcdd5af30439"
          ],
          "failures": [
            "d0d74b36-952c-4d59-8163-5efb0bc60ad7"
          ],
          "pending": [],
          "skipped": [],
          "duration": 4998,
          "root": false,
          "rootEmpty": false,
          "_timeout": 2000
        }
      ],
      "passes": [],
      "failures": [],
      "pending": [],
      "skipped": [],
      "duration": 0,
      "root": true,
      "rootEmpty": true,
      "_timeout": 2000
    }
  ],
  "meta": {
    "mocha": {
      "version": "7.0.1"
    },
    "mochawesome": {
      "options": {
        "quiet": false,
        "reportFilename": "mochawesome",
        "saveHtml": false,
        "saveJson": true,
        "consoleReporter": "spec",
        "useInlineDiffs": false,
        "code": true
      },
      "version": "7.1.3"
    },
    "marge": {
      "options": {
        "charts": true,
        "reportPageTitle": "custom-title",
        "embeddedScreenshots": true,
        "inlineAssets": true,
        "saveAllAttempts": false,
        "overwrite": false,
        "html": false,
        "json": true,
        "reportDir": "cypress\\reports\\html\\.jsons"
      },
      "version": "6.2.0"
    }
  }
}