{
  "stats": {
    "suites": 1,
    "tests": 3,
    "passes": 3,
    "pending": 0,
    "failures": 0,
    "start": "2024-03-19T02:42:11.487Z",
    "end": "2024-03-19T02:42:19.861Z",
    "duration": 8374,
    "testsRegistered": 3,
    "passPercent": 100,
    "pendingPercent": 0,
    "other": 0,
    "hasOther": false,
    "skipped": 0,
    "hasSkipped": false
  },
  "results": [
    {
      "uuid": "3a72fd60-ccdf-4d49-a75d-7a7e13e62100",
      "title": "",
      "fullFile": "cypress\\e2e\\tests\\Alertshandeling.cy.js",
      "file": "cypress\\e2e\\tests\\Alertshandeling.cy.js",
      "beforeHooks": [],
      "afterHooks": [],
      "tests": [],
      "suites": [
        {
          "uuid": "a8aa91b7-cee8-49e7-999f-39e81a3630a0",
          "title": "This is suit for alerts",
          "fullFile": "",
          "file": "",
          "beforeHooks": [],
          "afterHooks": [],
          "tests": [
            {
              "title": "First alert test",
              "fullTitle": "This is suit for alerts First alert test",
              "timedOut": null,
              "duration": 2884,
              "state": "passed",
              "speed": "fast",
              "pass": true,
              "fail": false,
              "pending": false,
              "context": null,
              "code": "cy.visit('https://the-internet.herokuapp.com/javascript_alerts');\n// cy.get(':nth-child(1) > button',{timeout:10000}).should('exist').should('have.text','Click for JS Alert');\ncy.get(':nth-child(1) > button').click({\n  force: true\n});\n// Verifying if the alert have this string\ncy.on('window:alert', str => {\n  expect(str).equal('I am a JS Alert');\n});\ncy.get('#result').should('have.text', 'You successfully clicked an alert');",
              "err": {},
              "uuid": "254cd2f9-1bcd-4fbd-9a15-f78a2af3d770",
              "parentUUID": "a8aa91b7-cee8-49e7-999f-39e81a3630a0",
              "isHook": false,
              "skipped": false
            },
            {
              "title": "2nd alert test",
              "fullTitle": "This is suit for alerts 2nd alert test",
              "timedOut": null,
              "duration": 549,
              "state": "passed",
              "speed": "fast",
              "pass": true,
              "fail": false,
              "pending": false,
              "context": null,
              "code": "cy.visit('https://the-internet.herokuapp.com/javascript_alerts');\n// Clicking the alert\ncy.contains('Click for JS Confirm').click();\n// Clicking the ok, and if we want to click cancel then we can write false instead of true\ncy.on('window:confirm', () => true);\ncy.get('#result').should('have.text', 'You clicked: Ok');",
              "err": {},
              "uuid": "8684b14d-114a-4d08-9d51-fb4dd8276955",
              "parentUUID": "a8aa91b7-cee8-49e7-999f-39e81a3630a0",
              "isHook": false,
              "skipped": false
            },
            {
              "title": "3nd alert test",
              "fullTitle": "This is suit for alerts 3nd alert test",
              "timedOut": null,
              "duration": 513,
              "state": "passed",
              "speed": "fast",
              "pass": true,
              "fail": false,
              "pending": false,
              "context": null,
              "code": "cy.visit('https://the-internet.herokuapp.com/javascript_alerts');\ncy.window().then($win => {\n  cy.stub($win, 'prompt').returns(\"This is dummy text\");\n  cy.contains('Click for JS Prompt').click();\n});",
              "err": {},
              "uuid": "9ebf153c-f68f-41be-9445-43221c541315",
              "parentUUID": "a8aa91b7-cee8-49e7-999f-39e81a3630a0",
              "isHook": false,
              "skipped": false
            }
          ],
          "suites": [],
          "passes": [
            "254cd2f9-1bcd-4fbd-9a15-f78a2af3d770",
            "8684b14d-114a-4d08-9d51-fb4dd8276955",
            "9ebf153c-f68f-41be-9445-43221c541315"
          ],
          "failures": [],
          "pending": [],
          "skipped": [],
          "duration": 3946,
          "root": false,
          "rootEmpty": false,
          "_timeout": 2000
        }
      ],
      "passes": [],
      "failures": [],
      "pending": [],
      "skipped": [],
      "duration": 0,
      "root": true,
      "rootEmpty": true,
      "_timeout": 2000
    }
  ],
  "meta": {
    "mocha": {
      "version": "7.0.1"
    },
    "mochawesome": {
      "options": {
        "quiet": false,
        "reportFilename": "mochawesome",
        "saveHtml": false,
        "saveJson": true,
        "consoleReporter": "spec",
        "useInlineDiffs": false,
        "code": true
      },
      "version": "7.1.3"
    },
    "marge": {
      "options": {
        "charts": true,
        "reportPageTitle": "custom-title",
        "embeddedScreenshots": true,
        "inlineAssets": true,
        "saveAllAttempts": false,
        "overwrite": false,
        "html": false,
        "json": true,
        "reportDir": "cypress\\reports\\html\\.jsons"
      },
      "version": "6.2.0"
    }
  }
}