{
  "stats": {
    "suites": 1,
    "tests": 1,
    "passes": 1,
    "pending": 0,
    "failures": 0,
    "start": "2024-03-19T01:48:56.549Z",
    "end": "2024-03-19T01:49:00.852Z",
    "duration": 4303,
    "testsRegistered": 1,
    "passPercent": 100,
    "pendingPercent": 0,
    "other": 0,
    "hasOther": false,
    "skipped": 0,
    "hasSkipped": false
  },
  "results": [
    {
      "uuid": "034a309a-0454-4cfb-9269-971d35bd6dd6",
      "title": "",
      "fullFile": "cypress\\e2e\\tests\\pom.cy.js",
      "file": "cypress\\e2e\\tests\\pom.cy.js",
      "beforeHooks": [],
      "afterHooks": [],
      "tests": [],
      "suites": [
        {
          "uuid": "32d90182-983d-4511-b34d-60a2afcbc8c3",
          "title": "This is suit",
          "fullFile": "",
          "file": "",
          "beforeHooks": [],
          "afterHooks": [],
          "tests": [
            {
              "title": "Test",
              "fullTitle": "This is suit Test",
              "timedOut": null,
              "duration": 1153,
              "state": "passed",
              "speed": "fast",
              "pass": true,
              "fail": false,
              "pending": false,
              "context": null,
              "code": "// Importing function from the demopage\ndemopage_objects.visit_site();",
              "err": {},
              "uuid": "a1038e34-c2c9-4f02-bc02-720549e40934",
              "parentUUID": "32d90182-983d-4511-b34d-60a2afcbc8c3",
              "isHook": false,
              "skipped": false
            }
          ],
          "suites": [],
          "passes": [
            "a1038e34-c2c9-4f02-bc02-720549e40934"
          ],
          "failures": [],
          "pending": [],
          "skipped": [],
          "duration": 1153,
          "root": false,
          "rootEmpty": false,
          "_timeout": 2000
        }
      ],
      "passes": [],
      "failures": [],
      "pending": [],
      "skipped": [],
      "duration": 0,
      "root": true,
      "rootEmpty": true,
      "_timeout": 2000
    }
  ],
  "meta": {
    "mocha": {
      "version": "7.0.1"
    },
    "mochawesome": {
      "options": {
        "quiet": false,
        "reportFilename": "mochawesome",
        "saveHtml": false,
        "saveJson": true,
        "consoleReporter": "spec",
        "useInlineDiffs": false,
        "code": true
      },
      "version": "7.1.3"
    },
    "marge": {
      "options": {
        "charts": true,
        "reportPageTitle": "custom-title",
        "embeddedScreenshots": true,
        "inlineAssets": true,
        "saveAllAttempts": false,
        "overwrite": false,
        "html": false,
        "json": true,
        "reportDir": "cypress\\reports\\html\\.jsons"
      },
      "version": "6.2.0"
    }
  }
}