{
  "stats": {
    "suites": 1,
    "tests": 1,
    "passes": 1,
    "pending": 0,
    "failures": 0,
    "start": "2024-03-19T01:49:03.552Z",
    "end": "2024-03-19T01:49:24.385Z",
    "duration": 20833,
    "testsRegistered": 1,
    "passPercent": 100,
    "pendingPercent": 0,
    "other": 0,
    "hasOther": false,
    "skipped": 0,
    "hasSkipped": false
  },
  "results": [
    {
      "uuid": "5b2ff7a7-502d-4dee-aefe-f117c6262052",
      "title": "",
      "fullFile": "cypress\\e2e\\tests\\SearchSuggesion.cy.js",
      "file": "cypress\\e2e\\tests\\SearchSuggesion.cy.js",
      "beforeHooks": [],
      "afterHooks": [],
      "tests": [],
      "suites": [
        {
          "uuid": "c4c5ccd8-dd73-47aa-b8bd-b5272e931cc4",
          "title": "verify the auto-search suggestion functionality",
          "fullFile": "",
          "file": "",
          "beforeHooks": [],
          "afterHooks": [],
          "tests": [
            {
              "title": "verify auto search",
              "fullTitle": "verify the auto-search suggestion functionality verify auto search",
              "timedOut": null,
              "duration": 16848,
              "state": "passed",
              "speed": "slow",
              "pass": true,
              "fail": false,
              "pending": false,
              "context": null,
              "code": "cy.visit('https://www.amazon.in');\ncy.get('#twotabsearchtextbox').should('exist');\n// Creating a function to get all the values in the suggesion\ncy.get('#twotabsearchtextbox').type('iphone').then(function (el) {\n  cy.get('.left-pane-results-container').children().each(function (el) {\n    cy.wrap(el).invoke('text').then(function (txt) {\n      cy.log(txt);\n      if (txt.trim() == \"iphone 12\") {\n        cy.wrap(el).click({\n          force: true\n        });\n      }\n    });\n  });\n});",
              "err": {},
              "uuid": "d9f4b76a-c548-46b3-be25-8c7d5905595b",
              "parentUUID": "c4c5ccd8-dd73-47aa-b8bd-b5272e931cc4",
              "isHook": false,
              "skipped": false
            }
          ],
          "suites": [],
          "passes": [
            "d9f4b76a-c548-46b3-be25-8c7d5905595b"
          ],
          "failures": [],
          "pending": [],
          "skipped": [],
          "duration": 16848,
          "root": false,
          "rootEmpty": false,
          "_timeout": 2000
        }
      ],
      "passes": [],
      "failures": [],
      "pending": [],
      "skipped": [],
      "duration": 0,
      "root": true,
      "rootEmpty": true,
      "_timeout": 2000
    }
  ],
  "meta": {
    "mocha": {
      "version": "7.0.1"
    },
    "mochawesome": {
      "options": {
        "quiet": false,
        "reportFilename": "mochawesome",
        "saveHtml": false,
        "saveJson": true,
        "consoleReporter": "spec",
        "useInlineDiffs": false,
        "code": true
      },
      "version": "7.1.3"
    },
    "marge": {
      "options": {
        "charts": true,
        "reportPageTitle": "custom-title",
        "embeddedScreenshots": true,
        "inlineAssets": true,
        "saveAllAttempts": false,
        "overwrite": false,
        "html": false,
        "json": true,
        "reportDir": "cypress\\reports\\html\\.jsons"
      },
      "version": "6.2.0"
    }
  }
}