{
  "stats": {
    "suites": 1,
    "tests": 1,
    "passes": 1,
    "pending": 0,
    "failures": 0,
    "start": "2024-03-31T22:23:39.325Z",
    "end": "2024-03-31T22:23:54.798Z",
    "duration": 15473,
    "testsRegistered": 1,
    "passPercent": 100,
    "pendingPercent": 0,
    "other": 0,
    "hasOther": false,
    "skipped": 0,
    "hasSkipped": false
  },
  "results": [
    {
      "uuid": "08839e12-5a5b-4bf5-924d-f997a2de835e",
      "title": "",
      "fullFile": "cypress\\e2e\\tests\\wait.cy.js",
      "file": "cypress\\e2e\\tests\\wait.cy.js",
      "beforeHooks": [],
      "afterHooks": [],
      "tests": [],
      "suites": [
        {
          "uuid": "ef469b0e-a226-4c44-8a5e-257f8dc538cc",
          "title": "This is suit",
          "fullFile": "",
          "file": "",
          "beforeHooks": [],
          "afterHooks": [],
          "tests": [
            {
              "title": "Test",
              "fullTitle": "This is suit Test",
              "timedOut": null,
              "duration": 9451,
              "state": "passed",
              "speed": "medium",
              "pass": true,
              "fail": false,
              "pending": false,
              "context": null,
              "code": "cy.visit('https://the-internet.herokuapp.com');\ncy.wait(5000);\ncy.get(':nth-child(27) > a').click();",
              "err": {},
              "uuid": "607a2902-3a06-4980-b5e2-721115b76537",
              "parentUUID": "ef469b0e-a226-4c44-8a5e-257f8dc538cc",
              "isHook": false,
              "skipped": false
            }
          ],
          "suites": [],
          "passes": [
            "607a2902-3a06-4980-b5e2-721115b76537"
          ],
          "failures": [],
          "pending": [],
          "skipped": [],
          "duration": 9451,
          "root": false,
          "rootEmpty": false,
          "_timeout": 2000
        }
      ],
      "passes": [],
      "failures": [],
      "pending": [],
      "skipped": [],
      "duration": 0,
      "root": true,
      "rootEmpty": true,
      "_timeout": 2000
    }
  ],
  "meta": {
    "mocha": {
      "version": "7.0.1"
    },
    "mochawesome": {
      "options": {
        "quiet": false,
        "reportFilename": "mochawesome",
        "saveHtml": false,
        "saveJson": true,
        "consoleReporter": "spec",
        "useInlineDiffs": false,
        "code": true
      },
      "version": "7.1.3"
    },
    "marge": {
      "options": {
        "charts": true,
        "reportPageTitle": "custom-title",
        "embeddedScreenshots": true,
        "inlineAssets": true,
        "saveAllAttempts": false,
        "overwrite": false,
        "html": false,
        "json": true,
        "reportDir": "cypress\\reports\\html\\.jsons"
      },
      "version": "6.2.0"
    }
  }
}