{
  "stats": {
    "suites": 1,
    "tests": 3,
    "passes": 3,
    "pending": 0,
    "failures": 0,
    "start": "2024-03-19T02:42:02.046Z",
    "end": "2024-03-19T02:42:03.995Z",
    "duration": 1949,
    "testsRegistered": 3,
    "passPercent": 100,
    "pendingPercent": 0,
    "other": 0,
    "hasOther": false,
    "skipped": 0,
    "hasSkipped": false
  },
  "results": [
    {
      "uuid": "b3481254-a8df-4b3e-b3b0-d1b40d8825c0",
      "title": "",
      "fullFile": "cypress\\e2e\\APITesting\\HttpRequests.cy.js",
      "file": "cypress\\e2e\\APITesting\\HttpRequests.cy.js",
      "beforeHooks": [],
      "afterHooks": [],
      "tests": [],
      "suites": [
        {
          "uuid": "28ed0f69-452f-46b6-b538-a8b79d344c26",
          "title": "HTTP rEQUESTS",
          "fullFile": "",
          "file": "",
          "beforeHooks": [],
          "afterHooks": [],
          "tests": [
            {
              "title": "Get Call",
              "fullTitle": "HTTP rEQUESTS Get Call",
              "timedOut": null,
              "duration": 1160,
              "state": "passed",
              "speed": "fast",
              "pass": true,
              "fail": false,
              "pending": false,
              "context": null,
              "code": "cy.request('GET', 'https://jsonplaceholder.typicode.com/posts/1').its('status').should('equal', 200);",
              "err": {},
              "uuid": "7f4339c7-7cf4-4ac3-9050-c28196b6e090",
              "parentUUID": "28ed0f69-452f-46b6-b538-a8b79d344c26",
              "isHook": false,
              "skipped": false
            },
            {
              "title": "Post Call",
              "fullTitle": "HTTP rEQUESTS Post Call",
              "timedOut": null,
              "duration": 346,
              "state": "passed",
              "speed": "fast",
              "pass": true,
              "fail": false,
              "pending": false,
              "context": null,
              "code": "cy.request({\n  method: 'POST',\n  url: 'https://jsonplaceholder.typicode.com/posts',\n  body: {\n    title: 'foo',\n    body: 'bar',\n    userId: 1\n  }\n}).its('status').should('equal', 201);",
              "err": {},
              "uuid": "8e71b997-67d0-42d6-b200-343c68a98b25",
              "parentUUID": "28ed0f69-452f-46b6-b538-a8b79d344c26",
              "isHook": false,
              "skipped": false
            },
            {
              "title": "PUT",
              "fullTitle": "HTTP rEQUESTS PUT",
              "timedOut": null,
              "duration": 348,
              "state": "passed",
              "speed": "fast",
              "pass": true,
              "fail": false,
              "pending": false,
              "context": null,
              "code": "cy.request({\n  method: 'PUT',\n  url: 'https://jsonplaceholder.typicode.com/posts/1',\n  body: {\n    id: 1,\n    title: 'foo',\n    body: 'bar',\n    userId: 1\n  }\n}).its('status').should('equal', 200);",
              "err": {},
              "uuid": "195e46b1-4286-4ea3-9baa-41430f447766",
              "parentUUID": "28ed0f69-452f-46b6-b538-a8b79d344c26",
              "isHook": false,
              "skipped": false
            }
          ],
          "suites": [],
          "passes": [
            "7f4339c7-7cf4-4ac3-9050-c28196b6e090",
            "8e71b997-67d0-42d6-b200-343c68a98b25",
            "195e46b1-4286-4ea3-9baa-41430f447766"
          ],
          "failures": [],
          "pending": [],
          "skipped": [],
          "duration": 1854,
          "root": false,
          "rootEmpty": false,
          "_timeout": 2000
        }
      ],
      "passes": [],
      "failures": [],
      "pending": [],
      "skipped": [],
      "duration": 0,
      "root": true,
      "rootEmpty": true,
      "_timeout": 2000
    }
  ],
  "meta": {
    "mocha": {
      "version": "7.0.1"
    },
    "mochawesome": {
      "options": {
        "quiet": false,
        "reportFilename": "mochawesome",
        "saveHtml": false,
        "saveJson": true,
        "consoleReporter": "spec",
        "useInlineDiffs": false,
        "code": true
      },
      "version": "7.1.3"
    },
    "marge": {
      "options": {
        "charts": true,
        "reportPageTitle": "custom-title",
        "embeddedScreenshots": true,
        "inlineAssets": true,
        "saveAllAttempts": false,
        "overwrite": false,
        "html": false,
        "json": true,
        "reportDir": "cypress\\reports\\html\\.jsons"
      },
      "version": "6.2.0"
    }
  }
}