{
  "stats": {
    "suites": 1,
    "tests": 3,
    "passes": 3,
    "pending": 0,
    "failures": 0,
    "start": "2024-03-31T22:20:43.613Z",
    "end": "2024-03-31T22:21:01.178Z",
    "duration": 17565,
    "testsRegistered": 3,
    "passPercent": 100,
    "pendingPercent": 0,
    "other": 0,
    "hasOther": false,
    "skipped": 0,
    "hasSkipped": false
  },
  "results": [
    {
      "uuid": "13dc6d89-c386-4a8a-bff2-f80b1fb3582b",
      "title": "",
      "fullFile": "cypress\\e2e\\tests\\Alertshandeling.cy.js",
      "file": "cypress\\e2e\\tests\\Alertshandeling.cy.js",
      "beforeHooks": [],
      "afterHooks": [],
      "tests": [],
      "suites": [
        {
          "uuid": "114134b7-bd89-43e2-b97f-faf3e61c4a73",
          "title": "This is suit for alerts",
          "fullFile": "",
          "file": "",
          "beforeHooks": [],
          "afterHooks": [],
          "tests": [
            {
              "title": "First alert test",
              "fullTitle": "This is suit for alerts First alert test",
              "timedOut": null,
              "duration": 9051,
              "state": "passed",
              "speed": "medium",
              "pass": true,
              "fail": false,
              "pending": false,
              "context": null,
              "code": "cy.visit('https://the-internet.herokuapp.com/javascript_alerts');\n// cy.get(':nth-child(1) > button',{timeout:10000}).should('exist').should('have.text','Click for JS Alert');\ncy.get(':nth-child(1) > button').click({\n  force: true\n});\n// Verifying if the alert have this string\ncy.on('window:alert', str => {\n  expect(str).equal('I am a JS Alert');\n});\ncy.get('#result').should('have.text', 'You successfully clicked an alert');",
              "err": {},
              "uuid": "90976dc2-ee09-4443-9e48-78e2b1dcd16d",
              "parentUUID": "114134b7-bd89-43e2-b97f-faf3e61c4a73",
              "isHook": false,
              "skipped": false
            },
            {
              "title": "2nd alert test",
              "fullTitle": "This is suit for alerts 2nd alert test",
              "timedOut": null,
              "duration": 732,
              "state": "passed",
              "speed": "fast",
              "pass": true,
              "fail": false,
              "pending": false,
              "context": null,
              "code": "cy.visit('https://the-internet.herokuapp.com/javascript_alerts');\n// Clicking the alert\ncy.contains('Click for JS Confirm').click();\n// Clicking the ok, and if we want to click cancel then we can write false instead of true\ncy.on('window:confirm', () => true);\ncy.get('#result').should('have.text', 'You clicked: Ok');",
              "err": {},
              "uuid": "048b653b-94c8-49d1-8860-9f5accd40b73",
              "parentUUID": "114134b7-bd89-43e2-b97f-faf3e61c4a73",
              "isHook": false,
              "skipped": false
            },
            {
              "title": "3nd alert test",
              "fullTitle": "This is suit for alerts 3nd alert test",
              "timedOut": null,
              "duration": 726,
              "state": "passed",
              "speed": "fast",
              "pass": true,
              "fail": false,
              "pending": false,
              "context": null,
              "code": "cy.visit('https://the-internet.herokuapp.com/javascript_alerts');\ncy.window().then($win => {\n  cy.stub($win, 'prompt').returns(\"This is dummy text\");\n  cy.contains('Click for JS Prompt').click();\n});",
              "err": {},
              "uuid": "00331c54-0eb8-4ba9-b86c-bbe32d2e1f47",
              "parentUUID": "114134b7-bd89-43e2-b97f-faf3e61c4a73",
              "isHook": false,
              "skipped": false
            }
          ],
          "suites": [],
          "passes": [
            "90976dc2-ee09-4443-9e48-78e2b1dcd16d",
            "048b653b-94c8-49d1-8860-9f5accd40b73",
            "00331c54-0eb8-4ba9-b86c-bbe32d2e1f47"
          ],
          "failures": [],
          "pending": [],
          "skipped": [],
          "duration": 10509,
          "root": false,
          "rootEmpty": false,
          "_timeout": 2000
        }
      ],
      "passes": [],
      "failures": [],
      "pending": [],
      "skipped": [],
      "duration": 0,
      "root": true,
      "rootEmpty": true,
      "_timeout": 2000
    }
  ],
  "meta": {
    "mocha": {
      "version": "7.0.1"
    },
    "mochawesome": {
      "options": {
        "quiet": false,
        "reportFilename": "mochawesome",
        "saveHtml": false,
        "saveJson": true,
        "consoleReporter": "spec",
        "useInlineDiffs": false,
        "code": true
      },
      "version": "7.1.3"
    },
    "marge": {
      "options": {
        "charts": true,
        "reportPageTitle": "custom-title",
        "embeddedScreenshots": true,
        "inlineAssets": true,
        "saveAllAttempts": false,
        "overwrite": false,
        "html": false,
        "json": true,
        "reportDir": "cypress\\reports\\html\\.jsons"
      },
      "version": "6.2.0"
    }
  }
}