{
  "stats": {
    "suites": 1,
    "tests": 2,
    "passes": 2,
    "pending": 0,
    "failures": 0,
    "start": "2024-03-31T22:22:32.996Z",
    "end": "2024-03-31T22:22:33.198Z",
    "duration": 202,
    "testsRegistered": 2,
    "passPercent": 100,
    "pendingPercent": 0,
    "other": 0,
    "hasOther": false,
    "skipped": 0,
    "hasSkipped": false
  },
  "results": [
    {
      "uuid": "33e30e83-8b48-4070-af19-69a32b72a3fc",
      "title": "",
      "fullFile": "cypress\\e2e\\tests\\hooks.cy.js",
      "file": "cypress\\e2e\\tests\\hooks.cy.js",
      "beforeHooks": [],
      "afterHooks": [],
      "tests": [],
      "suites": [
        {
          "uuid": "220b0534-a8a7-47d3-81af-05b3276b251f",
          "title": "This is a suit",
          "fullFile": "",
          "file": "",
          "beforeHooks": [],
          "afterHooks": [],
          "tests": [
            {
              "title": "Test 1",
              "fullTitle": "This is a suit Test 1",
              "timedOut": null,
              "duration": 112,
              "state": "passed",
              "speed": "fast",
              "pass": true,
              "fail": false,
              "pending": false,
              "context": null,
              "code": "cy.log('Test 1 executed');",
              "err": {},
              "uuid": "815a68be-78f3-4847-af88-46d13e826c5c",
              "parentUUID": "220b0534-a8a7-47d3-81af-05b3276b251f",
              "isHook": false,
              "skipped": false
            },
            {
              "title": "Test 2",
              "fullTitle": "This is a suit Test 2",
              "timedOut": null,
              "duration": 14,
              "state": "passed",
              "speed": "fast",
              "pass": true,
              "fail": false,
              "pending": false,
              "context": null,
              "code": "cy.log('Test 2 executed');",
              "err": {},
              "uuid": "e88425a5-d31d-4795-995a-63e24db7b6ff",
              "parentUUID": "220b0534-a8a7-47d3-81af-05b3276b251f",
              "isHook": false,
              "skipped": false
            }
          ],
          "suites": [],
          "passes": [
            "815a68be-78f3-4847-af88-46d13e826c5c",
            "e88425a5-d31d-4795-995a-63e24db7b6ff"
          ],
          "failures": [],
          "pending": [],
          "skipped": [],
          "duration": 126,
          "root": false,
          "rootEmpty": false,
          "_timeout": 2000
        }
      ],
      "passes": [],
      "failures": [],
      "pending": [],
      "skipped": [],
      "duration": 0,
      "root": true,
      "rootEmpty": true,
      "_timeout": 2000
    }
  ],
  "meta": {
    "mocha": {
      "version": "7.0.1"
    },
    "mochawesome": {
      "options": {
        "quiet": false,
        "reportFilename": "mochawesome",
        "saveHtml": false,
        "saveJson": true,
        "consoleReporter": "spec",
        "useInlineDiffs": false,
        "code": true
      },
      "version": "7.1.3"
    },
    "marge": {
      "options": {
        "charts": true,
        "reportPageTitle": "custom-title",
        "embeddedScreenshots": true,
        "inlineAssets": true,
        "saveAllAttempts": false,
        "overwrite": false,
        "html": false,
        "json": true,
        "reportDir": "cypress\\reports\\html\\.jsons"
      },
      "version": "6.2.0"
    }
  }
}