{
  "stats": {
    "suites": 1,
    "tests": 1,
    "passes": 1,
    "pending": 0,
    "failures": 0,
    "start": "2024-03-31T22:22:01.505Z",
    "end": "2024-03-31T22:22:13.439Z",
    "duration": 11934,
    "testsRegistered": 1,
    "passPercent": 100,
    "pendingPercent": 0,
    "other": 0,
    "hasOther": false,
    "skipped": 0,
    "hasSkipped": false
  },
  "results": [
    {
      "uuid": "68c8bf72-2358-4557-9f50-44a285060e78",
      "title": "",
      "fullFile": "cypress\\e2e\\tests\\dropdown.cy.js",
      "file": "cypress\\e2e\\tests\\dropdown.cy.js",
      "beforeHooks": [],
      "afterHooks": [],
      "tests": [],
      "suites": [
        {
          "uuid": "bf1dd4af-1e7b-447e-8e01-d07f2c69ade0",
          "title": "This is a suit",
          "fullFile": "",
          "file": "",
          "beforeHooks": [],
          "afterHooks": [],
          "tests": [
            {
              "title": "verify the functionality of drop down",
              "fullTitle": "This is a suit verify the functionality of drop down",
              "timedOut": null,
              "duration": 6818,
              "state": "passed",
              "speed": "medium",
              "pass": true,
              "fail": false,
              "pending": false,
              "context": null,
              "code": "cy.visit('https://the-internet.herokuapp.com/dropdown');\ncy.get('#dropdown').should('exist');\ncy.get('h3').should('exist').should('have.text', 'Dropdown List');\ncy.get('#dropdown').select('Option 2');",
              "err": {},
              "uuid": "5f367436-757b-46e3-8097-14db7f105112",
              "parentUUID": "bf1dd4af-1e7b-447e-8e01-d07f2c69ade0",
              "isHook": false,
              "skipped": false
            }
          ],
          "suites": [],
          "passes": [
            "5f367436-757b-46e3-8097-14db7f105112"
          ],
          "failures": [],
          "pending": [],
          "skipped": [],
          "duration": 6818,
          "root": false,
          "rootEmpty": false,
          "_timeout": 2000
        }
      ],
      "passes": [],
      "failures": [],
      "pending": [],
      "skipped": [],
      "duration": 0,
      "root": true,
      "rootEmpty": true,
      "_timeout": 2000
    }
  ],
  "meta": {
    "mocha": {
      "version": "7.0.1"
    },
    "mochawesome": {
      "options": {
        "quiet": false,
        "reportFilename": "mochawesome",
        "saveHtml": false,
        "saveJson": true,
        "consoleReporter": "spec",
        "useInlineDiffs": false,
        "code": true
      },
      "version": "7.1.3"
    },
    "marge": {
      "options": {
        "charts": true,
        "reportPageTitle": "custom-title",
        "embeddedScreenshots": true,
        "inlineAssets": true,
        "saveAllAttempts": false,
        "overwrite": false,
        "html": false,
        "json": true,
        "reportDir": "cypress\\reports\\html\\.jsons"
      },
      "version": "6.2.0"
    }
  }
}