{
  "stats": {
    "suites": 1,
    "tests": 1,
    "passes": 1,
    "pending": 0,
    "failures": 0,
    "start": "2024-03-31T22:21:05.795Z",
    "end": "2024-03-31T22:21:34.954Z",
    "duration": 29159,
    "testsRegistered": 1,
    "passPercent": 100,
    "pendingPercent": 0,
    "other": 0,
    "hasOther": false,
    "skipped": 0,
    "hasSkipped": false
  },
  "results": [
    {
      "uuid": "7fe8db48-cc68-4f2b-9f43-843d6d14a7c6",
      "title": "",
      "fullFile": "cypress\\e2e\\tests\\checkBoxes.cy.js",
      "file": "cypress\\e2e\\tests\\checkBoxes.cy.js",
      "beforeHooks": [],
      "afterHooks": [],
      "tests": [],
      "suites": [
        {
          "uuid": "1e518df6-fe48-4bf1-954c-266f02bc414c",
          "title": "This is a suit",
          "fullFile": "",
          "file": "",
          "beforeHooks": [],
          "afterHooks": [],
          "tests": [
            {
              "title": "verify the checkbox functionality",
              "fullTitle": "This is a suit verify the checkbox functionality",
              "timedOut": null,
              "duration": 3389,
              "state": "passed",
              "speed": "fast",
              "pass": true,
              "fail": false,
              "pending": false,
              "context": "{\n  \"title\": \"cypress-mochawesome-reporter-screenshots\",\n  \"value\": [\n    [\n      \"\\\\tests\\\\checkBoxes.cy.js\\\\This is a suit -- verify the checkbox functionality (failed).png\"\n    ],\n    [\n      \"\\\\tests\\\\checkBoxes.cy.js\\\\This is a suit -- verify the checkbox functionality (failed) (attempt 2).png\"\n    ],\n    []\n  ]\n}",
              "code": "cy.visit('https://the-internet.herokuapp.com/checkboxes');\ncy.get('#checkboxes > :nth-child(1)').check();\ncy.get('#checkboxes > :nth-child(3)').uncheck();",
              "err": {},
              "uuid": "8afe004e-a22b-42dd-a88f-4d5e38f4aeb7",
              "parentUUID": "1e518df6-fe48-4bf1-954c-266f02bc414c",
              "isHook": false,
              "skipped": false
            }
          ],
          "suites": [],
          "passes": [
            "8afe004e-a22b-42dd-a88f-4d5e38f4aeb7"
          ],
          "failures": [],
          "pending": [],
          "skipped": [],
          "duration": 3389,
          "root": false,
          "rootEmpty": false,
          "_timeout": 2000
        }
      ],
      "passes": [],
      "failures": [],
      "pending": [],
      "skipped": [],
      "duration": 0,
      "root": true,
      "rootEmpty": true,
      "_timeout": 2000
    }
  ],
  "meta": {
    "mocha": {
      "version": "7.0.1"
    },
    "mochawesome": {
      "options": {
        "quiet": false,
        "reportFilename": "mochawesome",
        "saveHtml": false,
        "saveJson": true,
        "consoleReporter": "spec",
        "useInlineDiffs": false,
        "code": true
      },
      "version": "7.1.3"
    },
    "marge": {
      "options": {
        "charts": true,
        "reportPageTitle": "custom-title",
        "embeddedScreenshots": true,
        "inlineAssets": true,
        "saveAllAttempts": false,
        "overwrite": false,
        "html": false,
        "json": true,
        "reportDir": "cypress\\reports\\html\\.jsons"
      },
      "version": "6.2.0"
    }
  }
}