{
  "stats": {
    "suites": 1,
    "tests": 3,
    "passes": 3,
    "pending": 0,
    "failures": 0,
    "start": "2024-03-19T01:47:56.445Z",
    "end": "2024-03-19T01:48:07.386Z",
    "duration": 10941,
    "testsRegistered": 3,
    "passPercent": 100,
    "pendingPercent": 0,
    "other": 0,
    "hasOther": false,
    "skipped": 0,
    "hasSkipped": false
  },
  "results": [
    {
      "uuid": "6bac9b70-6819-4763-bdb2-dbbfbd5cfdca",
      "title": "",
      "fullFile": "cypress\\e2e\\tests\\Alertshandeling.cy.js",
      "file": "cypress\\e2e\\tests\\Alertshandeling.cy.js",
      "beforeHooks": [],
      "afterHooks": [],
      "tests": [],
      "suites": [
        {
          "uuid": "2beabe83-df19-4267-8467-58dec414375f",
          "title": "This is suit for alerts",
          "fullFile": "",
          "file": "",
          "beforeHooks": [],
          "afterHooks": [],
          "tests": [
            {
              "title": "First alert test",
              "fullTitle": "This is suit for alerts First alert test",
              "timedOut": null,
              "duration": 4315,
              "state": "passed",
              "speed": "fast",
              "pass": true,
              "fail": false,
              "pending": false,
              "context": null,
              "code": "cy.visit('https://the-internet.herokuapp.com/javascript_alerts');\n// cy.get(':nth-child(1) > button',{timeout:10000}).should('exist').should('have.text','Click for JS Alert');\ncy.get(':nth-child(1) > button').click({\n  force: true\n});\n// Verifying if the alert have this string\ncy.on('window:alert', str => {\n  expect(str).equal('I am a JS Alert');\n});\ncy.get('#result').should('have.text', 'You successfully clicked an alert');",
              "err": {},
              "uuid": "6611be03-da6c-44d3-9ab8-49a82c07f297",
              "parentUUID": "2beabe83-df19-4267-8467-58dec414375f",
              "isHook": false,
              "skipped": false
            },
            {
              "title": "2nd alert test",
              "fullTitle": "This is suit for alerts 2nd alert test",
              "timedOut": null,
              "duration": 1699,
              "state": "passed",
              "speed": "fast",
              "pass": true,
              "fail": false,
              "pending": false,
              "context": null,
              "code": "cy.visit('https://the-internet.herokuapp.com/javascript_alerts');\n// Clicking the alert\ncy.contains('Click for JS Confirm').click();\n// Clicking the ok, and if we want to click cancel then we can write false instead of true\ncy.on('window:confirm', () => true);\ncy.get('#result').should('have.text', 'You clicked: Ok');",
              "err": {},
              "uuid": "f023b869-828a-42d4-a379-59437249a1b9",
              "parentUUID": "2beabe83-df19-4267-8467-58dec414375f",
              "isHook": false,
              "skipped": false
            },
            {
              "title": "3nd alert test",
              "fullTitle": "This is suit for alerts 3nd alert test",
              "timedOut": null,
              "duration": 503,
              "state": "passed",
              "speed": "fast",
              "pass": true,
              "fail": false,
              "pending": false,
              "context": null,
              "code": "cy.visit('https://the-internet.herokuapp.com/javascript_alerts');\ncy.window().then($win => {\n  cy.stub($win, 'prompt').returns(\"This is dummy text\");\n  cy.contains('Click for JS Prompt').click();\n});",
              "err": {},
              "uuid": "3d1e22ba-cab3-4690-ae5f-503e8c807048",
              "parentUUID": "2beabe83-df19-4267-8467-58dec414375f",
              "isHook": false,
              "skipped": false
            }
          ],
          "suites": [],
          "passes": [
            "6611be03-da6c-44d3-9ab8-49a82c07f297",
            "f023b869-828a-42d4-a379-59437249a1b9",
            "3d1e22ba-cab3-4690-ae5f-503e8c807048"
          ],
          "failures": [],
          "pending": [],
          "skipped": [],
          "duration": 6517,
          "root": false,
          "rootEmpty": false,
          "_timeout": 2000
        }
      ],
      "passes": [],
      "failures": [],
      "pending": [],
      "skipped": [],
      "duration": 0,
      "root": true,
      "rootEmpty": true,
      "_timeout": 2000
    }
  ],
  "meta": {
    "mocha": {
      "version": "7.0.1"
    },
    "mochawesome": {
      "options": {
        "quiet": false,
        "reportFilename": "mochawesome",
        "saveHtml": false,
        "saveJson": true,
        "consoleReporter": "spec",
        "useInlineDiffs": false,
        "code": true
      },
      "version": "7.1.3"
    },
    "marge": {
      "options": {
        "charts": true,
        "reportPageTitle": "custom-title",
        "embeddedScreenshots": true,
        "inlineAssets": true,
        "saveAllAttempts": false,
        "overwrite": false,
        "html": false,
        "json": true,
        "reportDir": "cypress\\reports\\html\\.jsons"
      },
      "version": "6.2.0"
    }
  }
}