{
  "stats": {
    "suites": 1,
    "tests": 1,
    "passes": 1,
    "pending": 0,
    "failures": 0,
    "start": "2024-03-31T22:20:38.479Z",
    "end": "2024-03-31T22:20:39.509Z",
    "duration": 1030,
    "testsRegistered": 1,
    "passPercent": 100,
    "pendingPercent": 0,
    "other": 0,
    "hasOther": false,
    "skipped": 0,
    "hasSkipped": false
  },
  "results": [
    {
      "uuid": "a26c7ee9-06cd-4a5d-99cf-428359c4b41e",
      "title": "",
      "fullFile": "cypress\\e2e\\APITesting\\PostCalls.cy.js",
      "file": "cypress\\e2e\\APITesting\\PostCalls.cy.js",
      "beforeHooks": [],
      "afterHooks": [],
      "tests": [],
      "suites": [
        {
          "uuid": "1ae314f9-0d7b-4d78-973f-cf0d3e2543ed",
          "title": "api testing",
          "fullFile": "",
          "file": "",
          "beforeHooks": [],
          "afterHooks": [],
          "tests": [
            {
              "title": "Approach1- Dynamically generating json object",
              "fullTitle": "api testing Approach1- Dynamically generating json object",
              "timedOut": null,
              "duration": 1000,
              "state": "passed",
              "speed": "fast",
              "pass": true,
              "fail": false,
              "pending": false,
              "context": null,
              "code": "const requestBody = {\n  randomname: Math.random().toString(5).substring(2),\n  // Creating random gmail\n  job: Math.random().toString(5).substring(2) + \"@gmail.com\"\n};\ncy.request({\n  method: 'POST',\n  url: 'https://reqres.in/api/users',\n  // We have already created the body so we will simply pass it\n  body: requestBody\n})\n// to Capture the response we will use .then\n.then(response => {\n  cy.log(\"Response Body:\", response.body); // Log the response body for debugging\n  expect(response.status).to.eq(201);\n  // expect(response.body.name).to.eq(requestBody.randomname);\n  expect(response.body.job).to.eq(requestBody.job);\n});",
              "err": {},
              "uuid": "f195eaf7-d259-4479-88bc-11b76007d9bb",
              "parentUUID": "1ae314f9-0d7b-4d78-973f-cf0d3e2543ed",
              "isHook": false,
              "skipped": false
            }
          ],
          "suites": [],
          "passes": [
            "f195eaf7-d259-4479-88bc-11b76007d9bb"
          ],
          "failures": [],
          "pending": [],
          "skipped": [],
          "duration": 1000,
          "root": false,
          "rootEmpty": false,
          "_timeout": 2000
        }
      ],
      "passes": [],
      "failures": [],
      "pending": [],
      "skipped": [],
      "duration": 0,
      "root": true,
      "rootEmpty": true,
      "_timeout": 2000
    }
  ],
  "meta": {
    "mocha": {
      "version": "7.0.1"
    },
    "mochawesome": {
      "options": {
        "quiet": false,
        "reportFilename": "mochawesome",
        "saveHtml": false,
        "saveJson": true,
        "consoleReporter": "spec",
        "useInlineDiffs": false,
        "code": true
      },
      "version": "7.1.3"
    },
    "marge": {
      "options": {
        "charts": true,
        "reportPageTitle": "custom-title",
        "embeddedScreenshots": true,
        "inlineAssets": true,
        "saveAllAttempts": false,
        "overwrite": false,
        "html": false,
        "json": true,
        "reportDir": "cypress\\reports\\html\\.jsons"
      },
      "version": "6.2.0"
    }
  }
}