{
  "stats": {
    "suites": 1,
    "tests": 1,
    "passes": 1,
    "pending": 0,
    "failures": 0,
    "start": "2024-03-19T01:48:34.918Z",
    "end": "2024-03-19T01:48:40.337Z",
    "duration": 5419,
    "testsRegistered": 1,
    "passPercent": 100,
    "pendingPercent": 0,
    "other": 0,
    "hasOther": false,
    "skipped": 0,
    "hasSkipped": false
  },
  "results": [
    {
      "uuid": "c6088618-fa03-4c50-992a-45df7c78ec3c",
      "title": "",
      "fullFile": "cypress\\e2e\\tests\\dropdown.cy.js",
      "file": "cypress\\e2e\\tests\\dropdown.cy.js",
      "beforeHooks": [],
      "afterHooks": [],
      "tests": [],
      "suites": [
        {
          "uuid": "b4cd96f9-3855-476b-919f-0afc91a4d027",
          "title": "This is a suit",
          "fullFile": "",
          "file": "",
          "beforeHooks": [],
          "afterHooks": [],
          "tests": [
            {
              "title": "verify the functionality of drop down",
              "fullTitle": "This is a suit verify the functionality of drop down",
              "timedOut": null,
              "duration": 2477,
              "state": "passed",
              "speed": "fast",
              "pass": true,
              "fail": false,
              "pending": false,
              "context": null,
              "code": "cy.visit('https://the-internet.herokuapp.com/dropdown');\ncy.get('#dropdown').should('exist');\ncy.get('h3').should('exist').should('have.text', 'Dropdown List');\ncy.get('#dropdown').select('Option 2');",
              "err": {},
              "uuid": "be47ce55-b012-46c4-b874-e138bb609a67",
              "parentUUID": "b4cd96f9-3855-476b-919f-0afc91a4d027",
              "isHook": false,
              "skipped": false
            }
          ],
          "suites": [],
          "passes": [
            "be47ce55-b012-46c4-b874-e138bb609a67"
          ],
          "failures": [],
          "pending": [],
          "skipped": [],
          "duration": 2477,
          "root": false,
          "rootEmpty": false,
          "_timeout": 2000
        }
      ],
      "passes": [],
      "failures": [],
      "pending": [],
      "skipped": [],
      "duration": 0,
      "root": true,
      "rootEmpty": true,
      "_timeout": 2000
    }
  ],
  "meta": {
    "mocha": {
      "version": "7.0.1"
    },
    "mochawesome": {
      "options": {
        "quiet": false,
        "reportFilename": "mochawesome",
        "saveHtml": false,
        "saveJson": true,
        "consoleReporter": "spec",
        "useInlineDiffs": false,
        "code": true
      },
      "version": "7.1.3"
    },
    "marge": {
      "options": {
        "charts": true,
        "reportPageTitle": "custom-title",
        "embeddedScreenshots": true,
        "inlineAssets": true,
        "saveAllAttempts": false,
        "overwrite": false,
        "html": false,
        "json": true,
        "reportDir": "cypress\\reports\\html\\.jsons"
      },
      "version": "6.2.0"
    }
  }
}