{
  "stats": {
    "suites": 1,
    "tests": 1,
    "passes": 1,
    "pending": 0,
    "failures": 0,
    "start": "2024-03-31T22:22:37.778Z",
    "end": "2024-03-31T22:22:46.985Z",
    "duration": 9207,
    "testsRegistered": 1,
    "passPercent": 100,
    "pendingPercent": 0,
    "other": 0,
    "hasOther": false,
    "skipped": 0,
    "hasSkipped": false
  },
  "results": [
    {
      "uuid": "c99235ee-af9e-42b3-9ccc-4458883cfa58",
      "title": "",
      "fullFile": "cypress\\e2e\\tests\\iframes.cy.js",
      "file": "cypress\\e2e\\tests\\iframes.cy.js",
      "beforeHooks": [],
      "afterHooks": [],
      "tests": [],
      "suites": [
        {
          "uuid": "5622116f-55fd-495c-a5de-e31ffd48af5d",
          "title": "This is a suit",
          "fullFile": "",
          "file": "",
          "beforeHooks": [],
          "afterHooks": [],
          "tests": [
            {
              "title": "verifying functionality in iframes",
              "fullTitle": "This is a suit verifying functionality in iframes",
              "timedOut": null,
              "duration": 2530,
              "state": "passed",
              "speed": "fast",
              "pass": true,
              "fail": false,
              "pending": false,
              "context": null,
              "code": "cy.visit(\"https://jqueryui.com/checkboxradio/\");\n// Goint into iframe\ncy.get('.demo-frame').then(el => {\n  // Wrapping the content in iframe variable\n  cy.wrap(el.contents().find('body')).as('iframe');\n  // clicking the variable inside the iframe\n  cy.get('@iframe').find('.ui-checkboxradio-icon.ui-corner-all.ui-icon.ui-icon-background.ui-icon-blank').eq(0).click();\n});",
              "err": {},
              "uuid": "661032d9-4f16-4041-bc22-739c159d5da1",
              "parentUUID": "5622116f-55fd-495c-a5de-e31ffd48af5d",
              "isHook": false,
              "skipped": false
            }
          ],
          "suites": [],
          "passes": [
            "661032d9-4f16-4041-bc22-739c159d5da1"
          ],
          "failures": [],
          "pending": [],
          "skipped": [],
          "duration": 2530,
          "root": false,
          "rootEmpty": false,
          "_timeout": 2000
        }
      ],
      "passes": [],
      "failures": [],
      "pending": [],
      "skipped": [],
      "duration": 0,
      "root": true,
      "rootEmpty": true,
      "_timeout": 2000
    }
  ],
  "meta": {
    "mocha": {
      "version": "7.0.1"
    },
    "mochawesome": {
      "options": {
        "quiet": false,
        "reportFilename": "mochawesome",
        "saveHtml": false,
        "saveJson": true,
        "consoleReporter": "spec",
        "useInlineDiffs": false,
        "code": true
      },
      "version": "7.1.3"
    },
    "marge": {
      "options": {
        "charts": true,
        "reportPageTitle": "custom-title",
        "embeddedScreenshots": true,
        "inlineAssets": true,
        "saveAllAttempts": false,
        "overwrite": false,
        "html": false,
        "json": true,
        "reportDir": "cypress\\reports\\html\\.jsons"
      },
      "version": "6.2.0"
    }
  }
}