{
  "stats": {
    "suites": 1,
    "tests": 1,
    "passes": 1,
    "pending": 0,
    "failures": 0,
    "start": "2024-03-19T01:49:27.322Z",
    "end": "2024-03-19T01:49:39.702Z",
    "duration": 12380,
    "testsRegistered": 1,
    "passPercent": 100,
    "pendingPercent": 0,
    "other": 0,
    "hasOther": false,
    "skipped": 0,
    "hasSkipped": false
  },
  "results": [
    {
      "uuid": "ed4a5165-7bd1-4014-a60d-d9d1a4e0e91a",
      "title": "",
      "fullFile": "cypress\\e2e\\tests\\wait.cy.js",
      "file": "cypress\\e2e\\tests\\wait.cy.js",
      "beforeHooks": [],
      "afterHooks": [],
      "tests": [],
      "suites": [
        {
          "uuid": "f487fe58-797d-4566-a739-9f49f18e9337",
          "title": "This is suit",
          "fullFile": "",
          "file": "",
          "beforeHooks": [],
          "afterHooks": [],
          "tests": [
            {
              "title": "Test",
              "fullTitle": "This is suit Test",
              "timedOut": null,
              "duration": 9256,
              "state": "passed",
              "speed": "medium",
              "pass": true,
              "fail": false,
              "pending": false,
              "context": null,
              "code": "cy.visit('https://the-internet.herokuapp.com');\ncy.wait(5000);\ncy.get(':nth-child(27) > a').click();",
              "err": {},
              "uuid": "e9d37dce-35c4-4813-8e48-7b79fea8f90f",
              "parentUUID": "f487fe58-797d-4566-a739-9f49f18e9337",
              "isHook": false,
              "skipped": false
            }
          ],
          "suites": [],
          "passes": [
            "e9d37dce-35c4-4813-8e48-7b79fea8f90f"
          ],
          "failures": [],
          "pending": [],
          "skipped": [],
          "duration": 9256,
          "root": false,
          "rootEmpty": false,
          "_timeout": 2000
        }
      ],
      "passes": [],
      "failures": [],
      "pending": [],
      "skipped": [],
      "duration": 0,
      "root": true,
      "rootEmpty": true,
      "_timeout": 2000
    }
  ],
  "meta": {
    "mocha": {
      "version": "7.0.1"
    },
    "mochawesome": {
      "options": {
        "quiet": false,
        "reportFilename": "mochawesome",
        "saveHtml": false,
        "saveJson": true,
        "consoleReporter": "spec",
        "useInlineDiffs": false,
        "code": true
      },
      "version": "7.1.3"
    },
    "marge": {
      "options": {
        "charts": true,
        "reportPageTitle": "custom-title",
        "embeddedScreenshots": true,
        "inlineAssets": true,
        "saveAllAttempts": false,
        "overwrite": false,
        "html": false,
        "json": true,
        "reportDir": "cypress\\reports\\html\\.jsons"
      },
      "version": "6.2.0"
    }
  }
}